<?xml version="1.0" encoding="UTF-8"?>
<testsuite name="automation.spotify.acceptancetests.AcceptanceTestSuite" tests="0" skipped="0" failures="0" errors="0" timestamp="1970-01-01T00:00:00" hostname="DESKTOP-EDEA03E" time="0.0">
  <properties/>
  <system-out><![CDATA[
8 Scenarios (?[32m8 passed?[0m)
24 Steps (?[32m24 passed?[0m)
0m13,045s


]]></system-out>
  <system-err><![CDATA[SLF4J: Failed to load class "org.slf4j.impl.StaticLoggerBinder".
SLF4J: Defaulting to no-operation (NOP) logger implementation
SLF4J: See http://www.slf4j.org/codes.html#StaticLoggerBinder for further details.
]]></system-err>
</testsuite>
