<?xml version="1.0" encoding="UTF-8"?>
<testsuite name="Artist" tests="3" skipped="0" failures="0" errors="0" timestamp="2021-03-27T20:22:01" hostname="DESKTOP-EDEA03E" time="1.723">
  <properties/>
  <testcase name="Search for Artist" classname="Artist" time="0.643"/>
  <testcase name="Invalid search for an Artist" classname="Artist" time="0.514"/>
  <testcase name="Search for a Non-existent artist" classname="Artist" time="0.553"/>
  <system-out><![CDATA[?[32m.?[0m?[32m.?[0m?[32m.?[0m?[32m.?[0m?[32m.?[0m?[32m.?[0m?[32m.?[0m?[32m.?[0m?[32m.?[0m]]></system-out>
  <system-err><![CDATA[]]></system-err>
</testsuite>
